<?xml version="1.0" encoding="UTF-8"?>
<!-- Generated by org.testng.reporters.JUnitReportReporter -->
<testsuite hostname="ZIL976" failures="0" tests="3" name="TestCases" time="0.005" errors="0" timestamp="2023-04-07T15:42:13 IST" skipped="0">
  <testcase classname="TestCases" name="teardown" time="0.000"/>
  <system-out/>
  <testcase classname="TestCases" name="testSteps" time="0.000"/>
  <system-out/>
  <testcase classname="TestCases" name="setup" time="0.005"/>
  <system-out/>
</testsuite> <!-- TestCases -->
